
================================
  PFLOTRAN Development Version
================================

pflotran card:: GRID
pflotran card:: NUMERICAL_METHODS
pflotran card:: TIME
pflotran card:: REFERENCE_PRESSURE
"Reference Pressure units" set to default value.
pflotran card:: MATERIAL_PROPERTY
  Name :: overburden
pflotran card:: MATERIAL_PROPERTY
  Name :: bartlesville_sand
pflotran card:: MATERIAL_PROPERTY
  Name :: basal_layer
pflotran card:: MATERIAL_PROPERTY
  Name :: underburden
pflotran card:: CHARACTERISTIC_CURVES
  Name :: default
 WARNING: Mualem-van Genuchten relative permeability function is being used without SMOOTH option.
pflotran card:: OUTPUT
pflotran card:: REGION
All
pflotran card:: REGION
top
pflotran card:: REGION
bottom
pflotran card:: REGION
north
pflotran card:: REGION
south
pflotran card:: REGION
east
pflotran card:: REGION
west
pflotran card:: FLOW_CONDITION
initial
pflotran card:: FLOW_CONDITION
far_field_pressure
pflotran card:: FLOW_CONDITION
noflow
pflotran card:: INITIAL_CONDITION
"Initial Condition name" set to default value.
pflotran card:: BOUNDARY_CONDITION
pflotran card:: BOUNDARY_CONDITION
pflotran card:: BOUNDARY_CONDITION
pflotran card:: BOUNDARY_CONDITION
pflotran card:: BOUNDARY_CONDITION
pflotran card:: BOUNDARY_CONDITION
pflotran card:: STRATA
pflotran card:: END_SUBSURFACE

Number of processes: 10

Extent of Gridded Domain
 X: 0.000000E+00 - 1.000000E+04
 Y: 0.000000E+00 - 1.000000E+04
 Z: 0.000000E+00 - 7.500000E+02

Size of Gridded Domain
 Number of grid cells: 508227
 Maximum number of grid cells per process: 53266
 Minimum number of grid cells per process: 46644

Min/Max Cell Volumes [m^3]
 Maximum: 8.052520E+06
 Minimum: 6.904134E+01
Opening hdf5 file: ./layers4_material_ids.h5
Setting up grid cell indices
Opening group: Materials
Reading dataset: Materials/Cell Ids
  0.00 Seconds to set up indices
Reading dataset: Materials/Material Ids
  0.00 Seconds to read integer array.
Closing group: Materials
Closing hdf5 file: ./layers4_material_ids.h5

Number of active grid cells: 508227
Number of inactive grid cells: 0


=+=+=+=+=+=+=+=+=+=+=+=+=+=+=+=+=+=+=+=+=+=+=+=+=+=+=+=+=+=+=+=+=+=+=+=+=+=+=+=+

  Initial Condition

--------------------------------------------------------------------------------
          Flow Condition:   initial
                  Region:   All
--------------------------------------------------------------------------------

  Flow Condition: initial
    Synchronize time with update: no
    Time units: yr
    Length units: m
      Datum:

    Sub Condition: pressure
      Type: dirichlet
      Gradient:
      Data:
        Dataset: Unnamed Ascii Dataset
          Type: dataset_ascii_type
          Transient: no
          Array Rank:  1

--------------------------------------------------------------------------------

=+=+=+=+=+=+=+=+=+=+=+=+=+=+=+=+=+=+=+=+=+=+=+=+=+=+=+=+=+=+=+=+=+=+=+=+=+=+=+=+

  Boundary Condition

--------------------------------------------------------------------------------
          Flow Condition:   far_field_pressure
                  Region:   west
--------------------------------------------------------------------------------

  Flow Condition: far_field_pressure
    Synchronize time with update: no
    Time units: yr
    Length units: m
      Datum:

    Sub Condition: pressure
      Type: dirichlet
      Gradient:
      Data:
        Dataset: Unnamed Ascii Dataset
          Type: dataset_ascii_type
          Transient: no
          Array Rank:  1

--------------------------------------------------------------------------------

=+=+=+=+=+=+=+=+=+=+=+=+=+=+=+=+=+=+=+=+=+=+=+=+=+=+=+=+=+=+=+=+=+=+=+=+=+=+=+=+

  Boundary Condition

--------------------------------------------------------------------------------
          Flow Condition:   far_field_pressure
                  Region:   east
--------------------------------------------------------------------------------

  Flow Condition: far_field_pressure
    Synchronize time with update: no
    Time units: yr
    Length units: m
      Datum:

    Sub Condition: pressure
      Type: dirichlet
      Gradient:
      Data:
        Dataset: Unnamed Ascii Dataset
          Type: dataset_ascii_type
          Transient: no
          Array Rank:  1

--------------------------------------------------------------------------------

=+=+=+=+=+=+=+=+=+=+=+=+=+=+=+=+=+=+=+=+=+=+=+=+=+=+=+=+=+=+=+=+=+=+=+=+=+=+=+=+

  Boundary Condition

--------------------------------------------------------------------------------
          Flow Condition:   far_field_pressure
                  Region:   north
--------------------------------------------------------------------------------

  Flow Condition: far_field_pressure
    Synchronize time with update: no
    Time units: yr
    Length units: m
      Datum:

    Sub Condition: pressure
      Type: dirichlet
      Gradient:
      Data:
        Dataset: Unnamed Ascii Dataset
          Type: dataset_ascii_type
          Transient: no
          Array Rank:  1

--------------------------------------------------------------------------------

=+=+=+=+=+=+=+=+=+=+=+=+=+=+=+=+=+=+=+=+=+=+=+=+=+=+=+=+=+=+=+=+=+=+=+=+=+=+=+=+

  Boundary Condition

--------------------------------------------------------------------------------
          Flow Condition:   far_field_pressure
                  Region:   south
--------------------------------------------------------------------------------

  Flow Condition: far_field_pressure
    Synchronize time with update: no
    Time units: yr
    Length units: m
      Datum:

    Sub Condition: pressure
      Type: dirichlet
      Gradient:
      Data:
        Dataset: Unnamed Ascii Dataset
          Type: dataset_ascii_type
          Transient: no
          Array Rank:  1

--------------------------------------------------------------------------------

=+=+=+=+=+=+=+=+=+=+=+=+=+=+=+=+=+=+=+=+=+=+=+=+=+=+=+=+=+=+=+=+=+=+=+=+=+=+=+=+

  Boundary Condition

--------------------------------------------------------------------------------
          Flow Condition:   noflow
                  Region:   top
--------------------------------------------------------------------------------

  Flow Condition: noflow
    Synchronize time with update: no
    Time units: yr
    Length units: m
      Datum:

    Sub Condition: pressure
      Type: neumann
      Gradient:
      Data:
        Dataset: Unnamed Ascii Dataset
          Type: dataset_ascii_type
          Transient: no
          Array Rank:  1

--------------------------------------------------------------------------------

=+=+=+=+=+=+=+=+=+=+=+=+=+=+=+=+=+=+=+=+=+=+=+=+=+=+=+=+=+=+=+=+=+=+=+=+=+=+=+=+

  Boundary Condition

--------------------------------------------------------------------------------
          Flow Condition:   noflow
                  Region:   bottom
--------------------------------------------------------------------------------

  Flow Condition: noflow
    Synchronize time with update: no
    Time units: yr
    Length units: m
      Datum:

    Sub Condition: pressure
      Type: neumann
      Gradient:
      Data:
        Dataset: Unnamed Ascii Dataset
          Type: dataset_ascii_type
          Transient: no
          Array Rank:  1

--------------------------------------------------------------------------------
Default HDF5 method is used in Initialization
  Beginning setup of FLOW SNES
 number of dofs =   1, number of phases =   1
 mode = Richards: p
  Finished setting up FLOW SNES

 Requested processors =    10

FLOW Time Stepper SNES
      maximum number of steps: 999999
constant time steps threshold: 5
       maximum number of cuts: 20
             reduction factor: 5.000000E-01
        maximum growth factor: 2.000000E+00
                 acceleration: on
       acceleration threshold: 5
       number of ramp entries: 5
                ramp entry #1: 2.0000
                ramp entry #2: 2.0000
                ramp entry #3: 2.0000
                ramp entry #4: 2.0000
                ramp entry #5: 2.0000
                ramp entry #6: 1.8000
                ramp entry #7: 1.6000
                ramp entry #8: 1.4000
                ramp entry #9: 1.2000
               ramp entry #10: 1.0000
               ramp entry #11: 1.0000
               ramp entry #12: 1.0000
               ramp entry #13: 1.0000
